<?xml version="1.0" encoding="UTF-8"?>
<!-- Generated by org.testng.reporters.JUnitXMLReporter -->
<testsuite hostname="Sandeep" ignored="0" name="Test" tests="5" failures="0" timestamp="16 Oct 2019 10:41:51 GMT" time="70.479" errors="0">
  <testcase name="loginPageTitle" time="7.658" classname="com.qa.hubspot.test.LoginPageTest"/>
  <testcase name="signUpLinkTest" time="7.883" classname="com.qa.hubspot.test.LoginPageTest"/>
  <testcase name="showLinkIsDisplayedTest" time="7.719" classname="com.qa.hubspot.test.LoginPageTest"/>
  <testcase name="forgotLinkIsDisplayedTest" time="9.543" classname="com.qa.hubspot.test.LoginPageTest"/>
  <testcase name="loginTest" time="8.859" classname="com.qa.hubspot.test.LoginPageTest"/>
</testsuite> <!-- Test -->
