<?xml version="1.0" encoding="UTF-8"?>
<testng-results skipped="0" failed="0" ignored="0" total="5" passed="5">
  <reporter-output>
  </reporter-output>
  <suite name="Suite" duration-ms="70479" started-at="2019-10-16T10:40:40Z" finished-at="2019-10-16T10:41:51Z">
    <groups>
    </groups>
    <test name="Test" duration-ms="70479" started-at="2019-10-16T10:40:40Z" finished-at="2019-10-16T10:41:51Z">
      <class name="com.qa.hubspot.test.LoginPageTest">
        <test-method status="PASS" signature="setUp()[pri:0, instance:com.qa.hubspot.test.LoginPageTest@782663d3]" name="setUp" is-config="true" duration-ms="6094" started-at="2019-10-16T10:40:40Z" finished-at="2019-10-16T10:40:47Z">
          <reporter-output>
          </reporter-output>
        </test-method> <!-- setUp -->
        <test-method status="PASS" signature="loginPageTitle()[pri:1, instance:com.qa.hubspot.test.LoginPageTest@782663d3]" name="loginPageTitle" duration-ms="7658" started-at="2019-10-16T10:40:47Z" finished-at="2019-10-16T10:40:54Z">
          <reporter-output>
          </reporter-output>
        </test-method> <!-- loginPageTitle -->
        <test-method status="PASS" signature="tearDown()[pri:0, instance:com.qa.hubspot.test.LoginPageTest@782663d3]" name="tearDown" is-config="true" duration-ms="793" started-at="2019-10-16T10:40:54Z" finished-at="2019-10-16T10:40:55Z">
          <reporter-output>
          </reporter-output>
        </test-method> <!-- tearDown -->
        <test-method status="PASS" signature="setUp()[pri:0, instance:com.qa.hubspot.test.LoginPageTest@782663d3]" name="setUp" is-config="true" duration-ms="5028" started-at="2019-10-16T10:40:55Z" finished-at="2019-10-16T10:41:00Z">
          <reporter-output>
          </reporter-output>
        </test-method> <!-- setUp -->
        <test-method status="PASS" signature="signUpLinkTest()[pri:2, instance:com.qa.hubspot.test.LoginPageTest@782663d3]" name="signUpLinkTest" duration-ms="7883" started-at="2019-10-16T10:41:00Z" finished-at="2019-10-16T10:41:08Z">
          <reporter-output>
          </reporter-output>
        </test-method> <!-- signUpLinkTest -->
        <test-method status="PASS" signature="tearDown()[pri:0, instance:com.qa.hubspot.test.LoginPageTest@782663d3]" name="tearDown" is-config="true" duration-ms="887" started-at="2019-10-16T10:41:08Z" finished-at="2019-10-16T10:41:09Z">
          <reporter-output>
          </reporter-output>
        </test-method> <!-- tearDown -->
        <test-method status="PASS" signature="setUp()[pri:0, instance:com.qa.hubspot.test.LoginPageTest@782663d3]" name="setUp" is-config="true" duration-ms="4549" started-at="2019-10-16T10:41:09Z" finished-at="2019-10-16T10:41:13Z">
          <reporter-output>
          </reporter-output>
        </test-method> <!-- setUp -->
        <test-method status="PASS" signature="showLinkIsDisplayedTest()[pri:3, instance:com.qa.hubspot.test.LoginPageTest@782663d3]" name="showLinkIsDisplayedTest" duration-ms="7719" started-at="2019-10-16T10:41:13Z" finished-at="2019-10-16T10:41:21Z">
          <reporter-output>
          </reporter-output>
        </test-method> <!-- showLinkIsDisplayedTest -->
        <test-method status="PASS" signature="tearDown()[pri:0, instance:com.qa.hubspot.test.LoginPageTest@782663d3]" name="tearDown" is-config="true" duration-ms="765" started-at="2019-10-16T10:41:21Z" finished-at="2019-10-16T10:41:22Z">
          <reporter-output>
          </reporter-output>
        </test-method> <!-- tearDown -->
        <test-method status="PASS" signature="setUp()[pri:0, instance:com.qa.hubspot.test.LoginPageTest@782663d3]" name="setUp" is-config="true" duration-ms="4562" started-at="2019-10-16T10:41:22Z" finished-at="2019-10-16T10:41:26Z">
          <reporter-output>
          </reporter-output>
        </test-method> <!-- setUp -->
        <test-method status="PASS" signature="forgotLinkIsDisplayedTest()[pri:4, instance:com.qa.hubspot.test.LoginPageTest@782663d3]" name="forgotLinkIsDisplayedTest" duration-ms="9543" started-at="2019-10-16T10:41:26Z" finished-at="2019-10-16T10:41:36Z">
          <reporter-output>
          </reporter-output>
        </test-method> <!-- forgotLinkIsDisplayedTest -->
        <test-method status="PASS" signature="tearDown()[pri:0, instance:com.qa.hubspot.test.LoginPageTest@782663d3]" name="tearDown" is-config="true" duration-ms="968" started-at="2019-10-16T10:41:36Z" finished-at="2019-10-16T10:41:37Z">
          <reporter-output>
          </reporter-output>
        </test-method> <!-- tearDown -->
        <test-method status="PASS" signature="setUp()[pri:0, instance:com.qa.hubspot.test.LoginPageTest@782663d3]" name="setUp" is-config="true" duration-ms="4276" started-at="2019-10-16T10:41:37Z" finished-at="2019-10-16T10:41:41Z">
          <reporter-output>
          </reporter-output>
        </test-method> <!-- setUp -->
        <test-method status="PASS" signature="loginTest()[pri:5, instance:com.qa.hubspot.test.LoginPageTest@782663d3]" name="loginTest" duration-ms="8859" started-at="2019-10-16T10:41:41Z" finished-at="2019-10-16T10:41:50Z">
          <reporter-output>
          </reporter-output>
        </test-method> <!-- loginTest -->
        <test-method status="PASS" signature="tearDown()[pri:0, instance:com.qa.hubspot.test.LoginPageTest@782663d3]" name="tearDown" is-config="true" duration-ms="815" started-at="2019-10-16T10:41:50Z" finished-at="2019-10-16T10:41:51Z">
          <reporter-output>
          </reporter-output>
        </test-method> <!-- tearDown -->
      </class> <!-- com.qa.hubspot.test.LoginPageTest -->
    </test> <!-- Test -->
  </suite> <!-- Suite -->
</testng-results>
